
ROM used: 235 (3%)
          235 (3%) including unused fragments

          1 Average locations per line
          11 Average locations per statement

RAM used: 20 (5%) at main() level
          22 (6%) worst case

Stack used: 2 worst case (out of 8 total available)

Lines Stmts  %   Files
----- ----- ---  -----
   58    21 100  motor.c
  326     0   0  ..\..\..\..\..\..\..\..\Program Files (x86)\PICC\devices\16F877A.h
----- -----
  384    21 Total

Page ROM  %  RAM   Vol Diff  Functions:
---- --- --- ---   --- ----  ----------
0     22   9   1             @delay_ms1
0     46  20   0    39  2.0  EXT_isr
 Inline        2             @MUL88
0    120  51   1   523  5.7  MAIN

Program metrics:
    Functions               2
    Statements              21
    Comments                77
    Volume (V)              619
    Difficilty (D)          8.0
    Effort to implement (E) 4929
    Time to implement (T)   5 minutes
    Est Delivered Bugs (B)  0
    Cyclomatic Complexity   2
    Maintainability (MI)    94

 Segment     Used  Free
-----------  ----  ----
00000-00003     4  0  
00004-0002E    43  0  
0002F-007FF   188  1813  
00800-00FFF     0  2048  
01000-017FF     0  2048  
01800-01FFF     0  2048  



