
ROM used: 137 (2%)
          137 (2%) including unused fragments

          0 Average locations per line
          12 Average locations per statement

RAM used: 9 (2%) at main() level
          11 (3%) worst case

Stack used: 1 worst case (out of 8 total available)

Lines Stmts  %   Files
----- ----- ---  -----
   64    11 100  seteSegmento.c
  326     0   0  ..\..\..\..\..\..\..\..\Program Files (x86)\PICC\devices\16F877A.h
----- -----
  390    11 Total

Page ROM  %  RAM   Vol Diff  Functions:
---- --- --- ---   --- ----  ----------
0     20  15   1             @delay_ms1
0     14  10   0   458  3.8  @const66
0     14  10   0    32  1.0  @const68
0     64  47   4   321  5.8  main
0     21  15   3    86  1.3  @DIV88

Program metrics:
    Functions               4
    Statements              11
    Comments                95
    Volume (V)              1191
    Difficilty (D)          11.8
    Effort to implement (E) 14046
    Time to implement (T)   13 minutes
    Est Delivered Bugs (B)  0
    Cyclomatic Complexity   2
    Maintainability (MI)    173

 Segment     Used  Free
-----------  ----  ----
00000-00003     4  0  
00004-007FF   133  1911  
00800-00FFF     0  2048  
01000-017FF     0  2048  
01800-01FFF     0  2048  



