
ROM used: 347 (4%)
          347 (4%) including unused fragments

          1 Average locations per line
          4 Average locations per statement

RAM used: 7 (2%) at main() level
          18 (5%) worst case

Stack used: 3 worst case (out of 8 total available)

Lines Stmts  %   Files
----- ----- ---  -----
   54    15  17  placaReceptor.c
  326     0   0  ..\..\..\..\..\..\..\..\Program Files (x86)\PICC\devices\16F877A.h
  165    72  83  mod_lcd.c
----- -----
  545    87 Total

Page ROM  %  RAM   Vol Diff  Functions:
---- --- --- ---   --- ----  ----------
0     20   6   1             @delay_ms1
0      8   2   0   370  3.3  @const69
0     39  11   1   260  1.9  lcd_envia_nibble
0     33  10   3   176  2.7  lcd_envia_byte
0     61  18   2   433  4.3  lcd_ini
 Inline        4   186  5.5  lcd_pos_xy
 Inline        1   290  4.1  lcd_escreve
0    104  30   1   370  3.3  MAIN
0     78  22   2             @PSTRINGR_84

Program metrics:
    Functions               7
    Statements              87
    Comments                121
    Volume (V)              3199
    Difficilty (D)          24.6
    Effort to implement (E) 78807
    Time to implement (T)   1 hours, 13 minutes
    Est Delivered Bugs (B)  1
    Cyclomatic Complexity   8
    Maintainability (MI)    106

 Segment     Used  Free
-----------  ----  ----
00000-00003     4  0  
00004-007FF   343  1701  
00800-00FFF     0  2048  
01000-017FF     0  2048  
01800-01FFF     0  2048  



