
ROM used: 347 (4%)
          347 (4%) including unused fragments

          1 Average locations per line
          4 Average locations per statement

RAM used: 7 (2%) at main() level
          13 (4%) worst case

Stack used: 2 worst case (out of 8 total available)

Lines Stmts  %   Files
----- ----- ---  -----
   53    17  19  comunicacaoPlaca.c
  326     0   0  ..\..\..\..\..\..\..\..\Program Files (x86)\PICC\devices\16F877A.h
  165    72  81  mod_lcd.c
----- -----
  544    89 Total

Page ROM  %  RAM   Vol Diff  Functions:
---- --- --- ---   --- ----  ----------
0     20   6   1             @delay_ms1
0      8   2   0             @const68
0     39  11   1   260  1.9  lcd_envia_nibble
 Inline        3   176  2.7  lcd_envia_byte
0     92  27   2   433  4.3  lcd_ini
0    105  30   1   465  4.6  MAIN
0     21   6   3             @DIV88
0     58  17   2             @PRINTF_U_9600_62_63

Program metrics:
    Functions               4
    Statements              89
    Comments                120
    Volume (V)              1825
    Difficilty (D)          13.1
    Effort to implement (E) 23862
    Time to implement (T)   22 minutes
    Est Delivered Bugs (B)  0
    Cyclomatic Complexity   3
    Maintainability (MI)    129

 Segment     Used  Free
-----------  ----  ----
00000-00003     4  0  
00004-007FF   343  1701  
00800-00FFF     0  2048  
01000-017FF     0  2048  
01800-01FFF     0  2048  



