
ROM used: 2467 (30%)
          2477 (30%) including unused fragments

          1 Average locations per line
          4 Average locations per statement

RAM used: 29 (8%) at main() level
          64 (17%) worst case

Stack used: 6 worst case (out of 8 total available)

Lines Stmts  %   Files
----- ----- ---  -----
  113    48   8  controle.c
  326     0   0  ..\..\..\..\..\..\..\..\Program Files (x86)\PICC\devices\16F877A.h
  211    77  12  i2c_Flex_LCD.c
 1273   359  58  ..\..\..\..\..\..\..\..\Program Files (x86)\PICC\drivers\stdlib.h
   28     0   0  ..\..\..\..\..\..\..\..\Program Files (x86)\PICC\drivers\stddef.h
  409   121  19  ..\..\..\..\..\..\..\..\Program Files (x86)\PICC\drivers\string.h
   28     0   0  ..\..\..\..\..\..\..\..\Program Files (x86)\PICC\drivers\ctype.h
   33    16   3  HCSR04.c
----- -----
 2421   621 Total

Page ROM  %  RAM   Vol Diff  Functions:
---- --- --- ---   --- ----  ----------
0     21   1   1             @delay_ms1
0     74   3   1             @I2C_WRITE_1
0     10   0   1    63  2.3  lcd_backlight_led
0     77   3   3   574  5.9  i2c_send_nibble
0     67   3   3   149  2.8  lcd_send_byte
0     10   0   0    61  1.9  lcd_clear
0      8   0   0             @const92
0    113   5   5   902  5.8  lcd_init
 Inline        7   681  8.0  lcd_gotoxy
0     92   4   1   364  6.2  LCD_PUTC
 Inline        2             @MUL88
0    117   5  13             @MULFF
 Inline        2             @ITOF
0    323  13  16             @ADDFF
0    202   8  14             @DIVFF
0    256  10   9  1815 10.5  atoi
0     11   0   0    84  1.7  HCSR04_init
0    228   9  14   412  4.3  HCSR04_get_distance
 Inline        4             @DTOF
1    429  17   6  2034 10.5  MAIN
0     31   1   4             @SFTOI
0      7   0   0             @const386
0     70   3   3             @PSTRINGC7_102
0     21   1   3             @DIV88
0     53   2   2             @PRINTF_U_102
0      9   0   0             @const400
0     74   3   3             @PSTRINGC7_9600_62_63
0      6   0   0             @const402
0     82   3   4             @PSTRINGCN7_9600_62_63
0     58   2   2             @PRINTF_U_9600_62_63
0      7   0   0             @const408
0      7   0   0             @const410

Program metrics:
    Functions               11
    Statements              621
    Comments                942
    Volume (V)              10511
    Difficilty (D)          59.2
    Effort to implement (E) 622287
    Time to implement (T)   9 hours, 36 minutes
    Est Delivered Bugs (B)  2
    Cyclomatic Complexity   30
    Maintainability (MI)    118

 Segment     Used  Free
-----------  ----  ----
00000-00003     4  0  
00004-007FF  2034  10  
00800-00FFF   429  1619  
01000-017FF     0  2048  
01800-01FFF     0  2048  



