
ROM used: 1323 (16%)
          1323 (16%) including unused fragments

          2 Average locations per line
          14 Average locations per statement

RAM used: 16 (4%) at main() level
          38 (10%) worst case

Stack used: 4 worst case (out of 8 total available)

Lines Stmts  %   Files
----- ----- ---  -----
   79    24  25  questao3_Joicy.c
  326     0   0  ..\..\..\..\..\..\..\..\Program Files (x86)\PICC\devices\16F877A.h
  165    72  75  mod_lcd.c
----- -----
  570    96 Total

Page ROM  %  RAM   Vol Diff  Functions:
---- --- --- ---   --- ----  ----------
0     20   2   1             @delay_ms1
0      8   1   0  3587  6.5  @const66
0     39   3   1   260  1.9  lcd_envia_nibble
0     33   2   3   176  2.7  lcd_envia_byte
0     61   5   2   433  4.3  lcd_ini
 Inline        4   186  5.5  lcd_pos_xy
0     56   4   1   290  4.1  lcd_escreve
0    254  19  10   789  4.3  MAIN
0     31   2   2             @ITOF
0    117   9  13             @MULFF
0    204  15  14             @DIVFF
0     11   1   0             @const100
0     78   6   4             @PSTRINGCN7_81
 Inline        5             @FTOSD
0     66   5  13             @DIV3232
0    233  18  13             @PRINTF_L32D_81FPFPF
0      7   1   0             @const111
0    101   8   9             @PRINTF_LU_81

Program metrics:
    Functions               7
    Statements              96
    Comments                124
    Volume (V)              7579
    Difficilty (D)          28.9
    Effort to implement (E) 218859
    Time to implement (T)   3 hours, 23 minutes
    Est Delivered Bugs (B)  1
    Cyclomatic Complexity   25
    Maintainability (MI)    103

 Segment     Used  Free
-----------  ----  ----
00000-00003     4  0  
00004-007FF  1319  725  
00800-00FFF     0  2048  
01000-017FF     0  2048  
01800-01FFF     0  2048  



