
ROM used: 616 (8%)
          616 (8%) including unused fragments

          2 Average locations per line
          18 Average locations per statement

RAM used: 20 (5%) at main() level
          30 (8%) worst case

Stack used: 1 worst case (out of 8 total available)

Lines Stmts  %   Files
----- ----- ---  -----
   78    35 100  trabalho.c
  326     0   0  ..\..\..\..\..\..\..\Program Files (x86)\PICC\devices\16F877A.h
----- -----
  404    35 Total

Page ROM  %  RAM   Vol Diff  Functions:
---- --- --- ---   --- ----  ----------
0     23   4   1             @delay_ms1
0     91  15   4   257  4.1  get_distance
 Inline        5             @DIV1616
0     62  10   8   219  5.5  convert_to_int
 Inline        5             @MUL1616
0    154  25  14   586  5.6  MAIN
0     14   2   0             @const88
0     74  12   3             @PSTRINGC7_9600_62_63
0     13   2   0             @const90
0     80  13   4             @PSTRINGCN7_9600_62_63
0     89  14   9             @PRINTF_LU_9600_62_63
0     12   2   0             @const95

Program metrics:
    Functions               3
    Statements              35
    Comments                89
    Volume (V)              1371
    Difficilty (D)          14.1
    Effort to implement (E) 19353
    Time to implement (T)   18 minutes
    Est Delivered Bugs (B)  0
    Cyclomatic Complexity   1
    Maintainability (MI)    141

 Segment     Used  Free
-----------  ----  ----
00000-00003     4  0  
00004-007FF   612  1432  
00800-00FFF     0  2048  
01000-017FF     0  2048  
01800-01FFF     0  2048  



