
ROM used: 166 (2%)
          166 (2%) including unused fragments

          0 Average locations per line
          7 Average locations per statement

RAM used: 7 (2%) at main() level
          8 (2%) worst case

Stack used: 1 worst case (out of 8 total available)

Lines Stmts  %   Files
----- ----- ---  -----
   50    23 100  LED.c
  326     0   0  ..\..\..\..\..\..\Program Files (x86)\PICC\devices\16F877A.h
----- -----
  376    23 Total

Page ROM  %  RAM   Vol Diff  Functions:
---- --- --- ---   --- ----  ----------
0     21  13   1             @delay_ms1
0    141  85   1   552  2.9  main

Program metrics:
    Functions               1
    Statements              23
    Comments                77
    Volume (V)              555
    Difficilty (D)          2.8
    Effort to implement (E) 1563
    Time to implement (T)   1 minutes
    Est Delivered Bugs (B)  0
    Cyclomatic Complexity   1
    Maintainability (MI)    130

 Segment     Used  Free
-----------  ----  ----
00000-00003     4  0  
00004-007FF   162  1882  
00800-00FFF     0  2048  
01000-017FF     0  2048  
01800-01FFF     0  2048  



