
ROM used: 720 (9%)
          720 (9%) including unused fragments

          1 Average locations per line
          7 Average locations per statement

RAM used: 14 (4%) at main() level
          31 (8%) worst case

Stack used: 6 worst case (out of 8 total available)

Lines Stmts  %   Files
----- ----- ---  -----
  109    22  22  lcd.c
  326     0   0  ..\..\..\..\..\..\..\..\Program Files (x86)\PICC\devices\16F877A.h
  211    77  78  i2c_Flex_LCD.c
----- -----
  646    99 Total

Page ROM  %  RAM   Vol Diff  Functions:
---- --- --- ---   --- ----  ----------
0     21   3   1             @delay_ms1
0     74  10   1             @I2C_WRITE_1
0      8   1   1    63  2.3  lcd_backlight_led
0     77  11   3   574  5.9  i2c_send_nibble
0     67   9   3   149  2.8  lcd_send_byte
0     10   1   0    61  1.9  lcd_clear
0      8   1   0             @const92
0    113  16   5   902  5.8  lcd_init
0     56   8   7   681  8.0  lcd_gotoxy
0     38   5   1   310  5.9  LCD_PUTC
0    128  18   2   681  4.3  MAIN
0      7   1   0             @const107
0     70  10   3             @PSTRINGC7_102
0      9   1   0             @const109
0     15   2   0             @const112
0     15   2   0             @const113

Program metrics:
    Functions               8
    Statements              99
    Comments                210
    Volume (V)              5042
    Difficilty (D)          36.9
    Effort to implement (E) 186133
    Time to implement (T)   2 hours, 52 minutes
    Est Delivered Bugs (B)  1
    Cyclomatic Complexity   18
    Maintainability (MI)    146

 Segment     Used  Free
-----------  ----  ----
00000-00003     4  0  
00004-007FF   716  1328  
00800-00FFF     0  2048  
01000-017FF     0  2048  
01800-01FFF     0  2048  



