
ROM used: 265 (3%)
          265 (3%) including unused fragments

          1 Average locations per line
          11 Average locations per statement

RAM used: 22 (6%) at main() level
          25 (7%) worst case

Stack used: 2 worst case (out of 8 total available)

Lines Stmts  %   Files
----- ----- ---  -----
  117    24 100  motores.c
  326     0   0  ..\..\..\..\..\..\..\..\Program Files (x86)\PICC\devices\16F877A.h
----- -----
  443    24 Total

Page ROM  %  RAM   Vol Diff  Functions:
---- --- --- ---   --- ----  ----------
0     20   8   1             @delay_ms1
0     46  17   0    39  2.0  EXT_isr
 Inline        2             @MUL88
0    152  57   1   653  6.7  MAIN

Program metrics:
    Functions               2
    Statements              24
    Comments                124
    Volume (V)              752
    Difficilty (D)          9.0
    Effort to implement (E) 6771
    Time to implement (T)   6 minutes
    Est Delivered Bugs (B)  0
    Cyclomatic Complexity   2
    Maintainability (MI)    82

 Segment     Used  Free
-----------  ----  ----
00000-00003     4  0  
00004-0002E    43  0  
0002F-007FF   218  1783  
00800-00FFF     0  2048  
01000-017FF     0  2048  
01800-01FFF     0  2048  



