
ROM used: 334 (4%)
          334 (4%) including unused fragments

          1 Average locations per line
          7 Average locations per statement

RAM used: 7 (2%) at main() level
          9 (2%) worst case

Stack used: 2 worst case (out of 8 total available)

Lines Stmts  %   Files
----- ----- ---  -----
  106    51 100  motorServo.c
  326     0   0  ..\..\..\..\..\..\..\..\Program Files (x86)\PICC\devices\16F877A.h
----- -----
  432    51 Total

Page ROM  %  RAM   Vol Diff  Functions:
---- --- --- ---   --- ----  ----------
0     20   6   1             @delay_ms1
0     15   4   1             @delay_us1
0     31   9   2   163  3.1  Rotation0
0     34  10   2   163  3.1  Rotation45
0     38  11   2   163  3.1  Rotation75
0     38  11   2   163  3.1  Rotation90
0     34  10   2   163  3.1  Rotation180
0    120  36   1   456  2.8  MAIN

Program metrics:
    Functions               6
    Statements              51
    Comments                96
    Volume (V)              1916
    Difficilty (D)          18.3
    Effort to implement (E) 35080
    Time to implement (T)   32 minutes
    Est Delivered Bugs (B)  0
    Cyclomatic Complexity   5
    Maintainability (MI)    102

 Segment     Used  Free
-----------  ----  ----
00000-00003     4  0  
00004-007FF   330  1714  
00800-00FFF     0  2048  
01000-017FF     0  2048  
01800-01FFF     0  2048  



