
ROM used: 295 (4%)
          295 (4%) including unused fragments

          1 Average locations per line
          12 Average locations per statement

RAM used: 22 (6%) at main() level
          30 (8%) worst case

Stack used: 2 worst case (out of 8 total available)

Lines Stmts  %   Files
----- ----- ---  -----
   65    25 100  motor.c
  326     0   0  ..\..\..\..\..\..\..\..\Program Files (x86)\PICC\devices\16F877A.h
----- -----
  391    25 Total

Page ROM  %  RAM   Vol Diff  Functions:
---- --- --- ---   --- ----  ----------
0     20   7   1             @delay_ms1
0     46  16   0    39  2.0  EXT_isr
 Inline        2             @MUL88
0    159  54   1   667  6.3  MAIN
0     23   8   5             @MUL1616

Program metrics:
    Functions               2
    Statements              25
    Comments                78
    Volume (V)              769
    Difficilty (D)          8.4
    Effort to implement (E) 6496
    Time to implement (T)   6 minutes
    Est Delivered Bugs (B)  0
    Cyclomatic Complexity   2
    Maintainability (MI)    87

 Segment     Used  Free
-----------  ----  ----
00000-00003     4  0  
00004-0002E    43  0  
0002F-007FF   248  1753  
00800-00FFF     0  2048  
01000-017FF     0  2048  
01800-01FFF     0  2048  



