CCS PCM C Compiler, Version 4.104, 5967               05-fev-24 20:21

               Filename: C:\Users\IFMT\OneDrive\Faculdade\microcontrolador\atividades\LED.lst

               ROM used: 166 words (2%)
                         Largest free fragment is 2048
               RAM used: 7 (2%) at main() level
                         8 (2%) worst case
               Stack:    1 locations

*
0000:  MOVLW  00
0001:  MOVWF  0A
0002:  GOTO   019
0003:  NOP
.................... //#include "C:\Users\IFMT\OneDrive\Faculdade\microcontrolador\atividades\LED.h" 
....................  
.................... #include <16F877A.h> 
.................... //////// Standard Header file for the PIC16F877A device //////////////// 
.................... #device PIC16F877A 
.................... #list 
....................  
.................... #device adc=8 
....................  
.................... #FUSES NOWDT                    //No Watch Dog Timer 
.................... #FUSES HS                       //High speed Osc (> 4mhz for PCM/PCH) (>10mhz for PCD) 
.................... #FUSES NOPUT                    //No Power Up Timer 
.................... #FUSES NOPROTECT                //Code not protected from reading 
.................... #FUSES NODEBUG                  //No Debug mode for ICD 
.................... #FUSES BROWNOUT                 //Reset when brownout detected 
.................... #FUSES NOLVP                    //No low voltage prgming, B3(PIC16) or B5(PIC18) used for I/O 
.................... #FUSES NOCPD                    //No EE protection 
.................... #FUSES NOWRT                    //Program memory not write protected 
.................... #FUSES RESERVED                 //Used to set the reserved FUSE bits 
....................  
.................... #use delay(clock=6000000) 
*
0004:  MOVLW  22
0005:  MOVWF  04
0006:  BCF    03.7
0007:  MOVF   00,W
0008:  BTFSC  03.2
0009:  GOTO   018
000A:  MOVLW  01
000B:  MOVWF  78
000C:  CLRF   77
000D:  DECFSZ 77,F
000E:  GOTO   00D
000F:  DECFSZ 78,F
0010:  GOTO   00C
0011:  MOVLW  F1
0012:  MOVWF  77
0013:  DECFSZ 77,F
0014:  GOTO   013
0015:  NOP
0016:  DECFSZ 00,F
0017:  GOTO   00A
0018:  RETURN
....................  
....................  
.................... void main() 
.................... { 
0019:  CLRF   04
001A:  BCF    03.7
001B:  MOVLW  1F
001C:  ANDWF  03,F
001D:  BSF    03.5
001E:  BSF    1F.0
001F:  BSF    1F.1
0020:  BSF    1F.2
0021:  BCF    1F.3
0022:  MOVLW  07
0023:  MOVWF  1C
....................  
....................    setup_adc_ports(NO_ANALOGS); 
*
0027:  BSF    03.5
0028:  BSF    1F.0
0029:  BSF    1F.1
002A:  BSF    1F.2
002B:  BCF    1F.3
....................    setup_adc(ADC_CLOCK_DIV_2); 
002C:  BCF    1F.6
002D:  BCF    03.5
002E:  BCF    1F.6
002F:  BCF    1F.7
0030:  BSF    03.5
0031:  BCF    1F.7
0032:  BCF    03.5
0033:  BSF    1F.0
....................    setup_psp(PSP_DISABLED); 
0034:  BSF    03.5
0035:  BCF    09.4
....................    setup_spi(SPI_SS_DISABLED); 
0036:  BCF    03.5
0037:  BCF    14.5
0038:  BCF    20.5
0039:  MOVF   20,W
003A:  BSF    03.5
003B:  MOVWF  07
003C:  BCF    03.5
003D:  BSF    20.4
003E:  MOVF   20,W
003F:  BSF    03.5
0040:  MOVWF  07
0041:  BCF    03.5
0042:  BCF    20.3
0043:  MOVF   20,W
0044:  BSF    03.5
0045:  MOVWF  07
0046:  MOVLW  01
0047:  BCF    03.5
0048:  MOVWF  14
0049:  MOVLW  00
004A:  BSF    03.5
004B:  MOVWF  14
....................    setup_timer_0(RTCC_INTERNAL|RTCC_DIV_1); 
004C:  MOVF   01,W
004D:  ANDLW  C7
004E:  IORLW  08
004F:  MOVWF  01
....................    setup_timer_1(T1_DISABLED); 
0050:  BCF    03.5
0051:  CLRF   10
....................    setup_timer_2(T2_DISABLED,0,1); 
0052:  MOVLW  00
0053:  MOVWF  78
0054:  MOVWF  12
0055:  MOVLW  00
0056:  BSF    03.5
0057:  MOVWF  12
....................    setup_comparator(NC_NC_NC_NC); 
0058:  MOVLW  07
0059:  MOVWF  1C
005A:  MOVF   05,W
005B:  MOVWF  05
005C:  MOVLW  04
005D:  MOVWF  77
005E:  DECFSZ 77,F
005F:  GOTO   05E
0060:  GOTO   061
0061:  MOVF   1C,W
0062:  BCF    03.5
0063:  BCF    0D.6
....................    setup_vref(FALSE); 
0064:  BSF    03.5
0065:  CLRF   1D
....................  
....................    while(true){ 
....................       output_high(PIN_B0); 
0066:  BCF    06.0
0067:  BCF    03.5
0068:  BSF    06.0
....................       delay_ms(200); 
0069:  MOVLW  C8
006A:  MOVWF  22
006B:  CALL   004
....................       output_low(PIN_B0); 
006C:  BSF    03.5
006D:  BCF    06.0
006E:  BCF    03.5
006F:  BCF    06.0
....................       delay_ms(500); 
0070:  MOVLW  02
0071:  MOVWF  21
0072:  MOVLW  FA
0073:  MOVWF  22
0074:  CALL   004
0075:  DECFSZ 21,F
0076:  GOTO   072
....................       output_high(PIN_B1); 
0077:  BSF    03.5
0078:  BCF    06.1
0079:  BCF    03.5
007A:  BSF    06.1
....................       delay_ms(600); 
007B:  MOVLW  03
007C:  MOVWF  21
007D:  MOVLW  C8
007E:  MOVWF  22
007F:  CALL   004
0080:  DECFSZ 21,F
0081:  GOTO   07D
....................       output_low(PIN_B1); 
0082:  BSF    03.5
0083:  BCF    06.1
0084:  BCF    03.5
0085:  BCF    06.1
....................       delay_ms(1000); 
0086:  MOVLW  04
0087:  MOVWF  21
0088:  MOVLW  FA
0089:  MOVWF  22
008A:  CALL   004
008B:  DECFSZ 21,F
008C:  GOTO   088
....................       output_high(PIN_B2); 
008D:  BSF    03.5
008E:  BCF    06.2
008F:  BCF    03.5
0090:  BSF    06.2
....................       delay_ms(400); 
0091:  MOVLW  02
0092:  MOVWF  21
0093:  MOVLW  C8
0094:  MOVWF  22
0095:  CALL   004
0096:  DECFSZ 21,F
0097:  GOTO   093
....................       output_low(PIN_B2); 
0098:  BSF    03.5
0099:  BCF    06.2
009A:  BCF    03.5
009B:  BCF    06.2
....................       delay_ms(1000); 
009C:  MOVLW  04
009D:  MOVWF  21
009E:  MOVLW  FA
009F:  MOVWF  22
00A0:  CALL   004
00A1:  DECFSZ 21,F
00A2:  GOTO   09E
....................        
....................    } 
00A3:  BSF    03.5
00A4:  GOTO   066
....................   
.................... } 
00A5:  SLEEP

Configuration Fuses:
   Word  1: 3F7A   HS NOWDT NOPUT NODEBUG NOPROTECT BROWNOUT NOLVP NOCPD NOWRT
