
ROM used: 1135 (14%)
          1135 (14%) including unused fragments

          2 Average locations per line
          5 Average locations per statement

RAM used: 14 (4%) at main() level
          32 (9%) worst case

Stack used: 6 worst case (out of 8 total available)

Lines Stmts  %   Files
----- ----- ---  -----
   57    23  10  teclado.c
  326     0   0  ..\..\..\..\..\..\..\..\Program Files (x86)\PICC\devices\16F877A.h
  211    77  35  i2c_Flex_LCD.c
   61   123  55  kbd_ext_board2.c
----- -----
  655   223 Total

Page ROM  %  RAM   Vol Diff  Functions:
---- --- --- ---   --- ----  ----------
0     20   2   1             @delay_ms1
0     92   8   1             @I2C_WRITE_1
0     81   7   3   574  5.9  i2c_send_nibble
0     82   7   3   149  2.8  lcd_send_byte
0     10   1   0    61  1.9  lcd_clear
0      8   1   0             @const92
0    128  11   5   902  5.8  lcd_init
 Inline        7   681  8.0  lcd_gotoxy
0     92   8   1   310  5.9  LCD_PUTC
0    296  26   4  3587  6.5  tc_tecla
0    146  13   2   677  4.7  MAIN
0      8   1   0             @const111
0     70   6   3             @PSTRINGC7_102
0      6   1   0             @const113
0      6   1   0             @const114
0     80   7   4             @PSTRINGCN7_102
0      6   1   0             @const117

Program metrics:
    Functions               8
    Statements              223
    Comments                181
    Volume (V)              9510
    Difficilty (D)          41.8
    Effort to implement (E) 397456
    Time to implement (T)   6 hours, 8 minutes
    Est Delivered Bugs (B)  2
    Cyclomatic Complexity   34
    Maintainability (MI)    124

 Segment     Used  Free
-----------  ----  ----
00000-00003     4  0  
00004-007FF  1131  913  
00800-00FFF     0  2048  
01000-017FF     0  2048  
01800-01FFF     0  2048  



