
ROM used: 337 (4%)
          337 (4%) including unused fragments

          1 Average locations per line
          16 Average locations per statement

RAM used: 110 (30%) at main() level
          110 (30%) worst case

Stack used: 1 worst case (out of 8 total available)

Lines Stmts  %   Files
----- ----- ---  -----
   55    21 100  pwm_func.c
  326     0   0  ..\..\..\..\..\..\..\..\Program Files (x86)\PICC\devices\16F877A.h
----- -----
  381    21 Total

Page ROM  %  RAM   Vol Diff  Functions:
---- --- --- ---   --- ----  ----------
0     17   5   1             @delay_us1
0    316  94   4   660  5.4  main

Program metrics:
    Functions               1
    Statements              21
    Comments                75
    Volume (V)              662
    Difficilty (D)          5.3
    Effort to implement (E) 3509
    Time to implement (T)   3 minutes
    Est Delivered Bugs (B)  0
    Cyclomatic Complexity   2
    Maintainability (MI)    125

 Segment     Used  Free
-----------  ----  ----
00000-00003     4  0  
00004-007FF   333  1711  
00800-00FFF     0  2048  
01000-017FF     0  2048  
01800-01FFF     0  2048  



